This is pdfTeX, Version 3.14159265-2.6-1.40.16 (TeX Live 2015/W32TeX) (preloaded format=pdflatex 2016.2.7)  18 MAR 2016 19:46
entering extended mode
 restricted \write18 enabled.
 %&-line parsing enabled.
**./final_project.tex
(./final_project.tex
LaTeX2e <2015/01/01>
Babel <3.9l> and hyphenation patterns for 53 languages loaded.
(c:/texlive/2015/texmf-dist/tex/latex/base/article.cls
Document Class: article 2014/09/29 v1.4h Standard LaTeX document class
(c:/texlive/2015/texmf-dist/tex/latex/base/size12.clo
File: size12.clo 2014/09/29 v1.4h Standard LaTeX file (size option)
)
\c@part=\count79
\c@section=\count80
\c@subsection=\count81
\c@subsubsection=\count82
\c@paragraph=\count83
\c@subparagraph=\count84
\c@figure=\count85
\c@table=\count86
\abovecaptionskip=\skip41
\belowcaptionskip=\skip42
\bibindent=\dimen102
)
(c:/texlive/2015/texmf-dist/tex/latex/amsfonts/amsfonts.sty
Package: amsfonts 2013/01/14 v3.01 Basic AMSFonts support
\@emptytoks=\toks14
\symAMSa=\mathgroup4
\symAMSb=\mathgroup5
LaTeX Font Info:    Overwriting math alphabet `\mathfrak' in version `bold'
(Font)                  U/euf/m/n --> U/euf/b/n on input line 106.
)
(c:/texlive/2015/texmf-dist/tex/latex/amsmath/amsmath.sty
Package: amsmath 2013/01/14 v2.14 AMS math features
\@mathmargin=\skip43

For additional information on amsmath, use the `?' option.
(c:/texlive/2015/texmf-dist/tex/latex/amsmath/amstext.sty
Package: amstext 2000/06/29 v2.01

(c:/texlive/2015/texmf-dist/tex/latex/amsmath/amsgen.sty
File: amsgen.sty 1999/11/30 v2.0
\@emptytoks=\toks15
\ex@=\dimen103
))
(c:/texlive/2015/texmf-dist/tex/latex/amsmath/amsbsy.sty
Package: amsbsy 1999/11/29 v1.2d
\pmbraise@=\dimen104
)
(c:/texlive/2015/texmf-dist/tex/latex/amsmath/amsopn.sty
Package: amsopn 1999/12/14 v2.01 operator names
)
\inf@bad=\count87
LaTeX Info: Redefining \frac on input line 210.
\uproot@=\count88
\leftroot@=\count89
LaTeX Info: Redefining \overline on input line 306.
\classnum@=\count90
\DOTSCASE@=\count91
LaTeX Info: Redefining \ldots on input line 378.
LaTeX Info: Redefining \dots on input line 381.
LaTeX Info: Redefining \cdots on input line 466.
\Mathstrutbox@=\box26
\strutbox@=\box27
\big@size=\dimen105
LaTeX Font Info:    Redeclaring font encoding OML on input line 566.
LaTeX Font Info:    Redeclaring font encoding OMS on input line 567.
\macc@depth=\count92
\c@MaxMatrixCols=\count93
\dotsspace@=\muskip10
\c@parentequation=\count94
\dspbrk@lvl=\count95
\tag@help=\toks16
\row@=\count96
\column@=\count97
\maxfields@=\count98
\andhelp@=\toks17
\eqnshift@=\dimen106
\alignsep@=\dimen107
\tagshift@=\dimen108
\tagwidth@=\dimen109
\totwidth@=\dimen110
\lineht@=\dimen111
\@envbody=\toks18
\multlinegap=\skip44
\multlinetaggap=\skip45
\mathdisplay@stack=\toks19
LaTeX Info: Redefining \[ on input line 2665.
LaTeX Info: Redefining \] on input line 2666.
)
(c:/texlive/2015/texmf-dist/tex/latex/amsfonts/amssymb.sty
Package: amssymb 2013/01/14 v3.01 AMS font symbols
)
(c:/texlive/2015/texmf-dist/tex/latex/amscls/amsthm.sty
Package: amsthm 2015/03/04 v2.20.2
\thm@style=\toks20
\thm@bodyfont=\toks21
\thm@headfont=\toks22
\thm@notefont=\toks23
\thm@headpunct=\toks24
\thm@preskip=\skip46
\thm@postskip=\skip47
\thm@headsep=\skip48
\dth@everypar=\toks25
)
(c:/texlive/2015/texmf-dist/tex/latex/graphics/epsfig.sty
Package: epsfig 1999/02/16 v1.7a (e)psfig emulation (SPQR)

(c:/texlive/2015/texmf-dist/tex/latex/graphics/graphicx.sty
Package: graphicx 2014/10/28 v1.0g Enhanced LaTeX Graphics (DPC,SPQR)

(c:/texlive/2015/texmf-dist/tex/latex/graphics/keyval.sty
Package: keyval 2014/10/28 v1.15 key=value parser (DPC)
\KV@toks@=\toks26
)
(c:/texlive/2015/texmf-dist/tex/latex/graphics/graphics.sty
Package: graphics 2014/10/28 v1.0p Standard LaTeX Graphics (DPC,SPQR)

(c:/texlive/2015/texmf-dist/tex/latex/graphics/trig.sty
Package: trig 1999/03/16 v1.09 sin cos tan (DPC)
)
(c:/texlive/2015/texmf-dist/tex/latex/latexconfig/graphics.cfg
File: graphics.cfg 2010/04/23 v1.9 graphics configuration of TeX Live
)
Package graphics Info: Driver file: pdftex.def on input line 94.

(c:/texlive/2015/texmf-dist/tex/latex/pdftex-def/pdftex.def
File: pdftex.def 2011/05/27 v0.06d Graphics/color for pdfTeX

(c:/texlive/2015/texmf-dist/tex/generic/oberdiek/infwarerr.sty
Package: infwarerr 2010/04/08 v1.3 Providing info/warning/error messages (HO)
)
(c:/texlive/2015/texmf-dist/tex/generic/oberdiek/ltxcmds.sty
Package: ltxcmds 2011/11/09 v1.22 LaTeX kernel commands for general use (HO)
)
\Gread@gobject=\count99
))
\Gin@req@height=\dimen112
\Gin@req@width=\dimen113
)
\epsfxsize=\dimen114
\epsfysize=\dimen115
)
(c:/texlive/2015/texmf-dist/tex/latex/float/float.sty
Package: float 2001/11/08 v1.3d Float enhancements (AL)
\c@float@type=\count100
\float@exts=\toks27
\float@box=\box28
\@float@everytoks=\toks28
\@floatcapt=\box29
)
(c:/texlive/2015/texmf-dist/tex/latex/tools/tabularx.sty
Package: tabularx 2014/10/28 v2.10 `tabularx' package (DPC)

(c:/texlive/2015/texmf-dist/tex/latex/tools/array.sty
Package: array 2014/10/28 v2.4c Tabular extension package (FMi)
\col@sep=\dimen116
\extrarowheight=\dimen117
\NC@list=\toks29
\extratabsurround=\skip49
\backup@length=\skip50
)
\TX@col@width=\dimen118
\TX@old@table=\dimen119
\TX@old@col=\dimen120
\TX@target=\dimen121
\TX@delta=\dimen122
\TX@cols=\count101
\TX@ftn=\toks30
)
(c:/texlive/2015/texmf-dist/tex/latex/booktabs/booktabs.sty
Package: booktabs 2005/04/14 v1.61803 publication quality tables
\heavyrulewidth=\dimen123
\lightrulewidth=\dimen124
\cmidrulewidth=\dimen125
\belowrulesep=\dimen126
\belowbottomsep=\dimen127
\aboverulesep=\dimen128
\abovetopsep=\dimen129
\cmidrulesep=\dimen130
\cmidrulekern=\dimen131
\defaultaddspace=\dimen132
\@cmidla=\count102
\@cmidlb=\count103
\@aboverulesep=\dimen133
\@belowrulesep=\dimen134
\@thisruleclass=\count104
\@lastruleclass=\count105
\@thisrulewidth=\dimen135
)
(c:/texlive/2015/texmf-dist/tex/latex/geometry/geometry.sty
Package: geometry 2010/09/12 v5.6 Page Geometry

(c:/texlive/2015/texmf-dist/tex/generic/oberdiek/ifpdf.sty
Package: ifpdf 2011/01/30 v2.3 Provides the ifpdf switch (HO)
Package ifpdf Info: pdfTeX in PDF mode is detected.
)
(c:/texlive/2015/texmf-dist/tex/generic/oberdiek/ifvtex.sty
Package: ifvtex 2010/03/01 v1.5 Detect VTeX and its facilities (HO)
Package ifvtex Info: VTeX not detected.
)
(c:/texlive/2015/texmf-dist/tex/generic/ifxetex/ifxetex.sty
Package: ifxetex 2010/09/12 v0.6 Provides ifxetex conditional
)
\Gm@cnth=\count106
\Gm@cntv=\count107
\c@Gm@tempcnt=\count108
\Gm@bindingoffset=\dimen136
\Gm@wd@mp=\dimen137
\Gm@odd@mp=\dimen138
\Gm@even@mp=\dimen139
\Gm@layoutwidth=\dimen140
\Gm@layoutheight=\dimen141
\Gm@layouthoffset=\dimen142
\Gm@layoutvoffset=\dimen143
\Gm@dimlist=\toks31
)
(c:/texlive/2015/texmf-dist/tex/latex/caption/caption.sty
Package: caption 2013/05/02 v3.3-89 Customizing captions (AR)

(c:/texlive/2015/texmf-dist/tex/latex/caption/caption3.sty
Package: caption3 2013/05/02 v1.6-88 caption3 kernel (AR)
Package caption3 Info: TeX engine: e-TeX on input line 57.
\captionmargin=\dimen144
\captionmargin@=\dimen145
\captionwidth=\dimen146
\caption@tempdima=\dimen147
\caption@indent=\dimen148
\caption@parindent=\dimen149
\caption@hangindent=\dimen150
)
\c@ContinuedFloat=\count109
Package caption Info: float package is loaded.
)
(c:/texlive/2015/texmf-dist/tex/latex/wrapfig/wrapfig.sty
\wrapoverhang=\dimen151
\WF@size=\dimen152
\c@WF@wrappedlines=\count110
\WF@box=\box30
\WF@everypar=\toks32
Package: wrapfig 2003/01/31  v 3.6
)
(c:/texlive/2015/texmf-dist/tex/latex/tools/multicol.sty
Package: multicol 2015/03/31 v1.8m multicolumn formatting (FMi)
\c@tracingmulticols=\count111
\mult@box=\box31
\multicol@leftmargin=\dimen153
\c@unbalance=\count112
\c@collectmore=\count113
\doublecol@number=\count114
\multicoltolerance=\count115
\multicolpretolerance=\count116
\full@width=\dimen154
\page@free=\dimen155
\premulticols=\dimen156
\postmulticols=\dimen157
\multicolsep=\skip51
\multicolbaselineskip=\skip52
\partial@page=\box32
\last@line=\box33
\maxbalancingoverflow=\dimen158
\mult@rightbox=\box34
\mult@grightbox=\box35
\mult@gfirstbox=\box36
\mult@firstbox=\box37
\@tempa=\box38
\@tempa=\box39
\@tempa=\box40
\@tempa=\box41
\@tempa=\box42
\@tempa=\box43
\@tempa=\box44
\@tempa=\box45
\@tempa=\box46
\@tempa=\box47
\@tempa=\box48
\@tempa=\box49
\@tempa=\box50
\@tempa=\box51
\@tempa=\box52
\@tempa=\box53
\@tempa=\box54
\c@columnbadness=\count117
\c@finalcolumnbadness=\count118
\last@try=\dimen159
\multicolovershoot=\dimen160
\multicolundershoot=\dimen161
\mult@nat@firstbox=\box55
\colbreak@box=\box56
\mc@col@check@num=\count119
)
(c:/texlive/2015/texmf-dist/tex/latex/braket/braket.sty) (./final_project.aux)
\openout1 = `final_project.aux'.

LaTeX Font Info:    Checking defaults for OML/cmm/m/it on input line 12.
LaTeX Font Info:    ... okay on input line 12.
LaTeX Font Info:    Checking defaults for T1/cmr/m/n on input line 12.
LaTeX Font Info:    ... okay on input line 12.
LaTeX Font Info:    Checking defaults for OT1/cmr/m/n on input line 12.
LaTeX Font Info:    ... okay on input line 12.
LaTeX Font Info:    Checking defaults for OMS/cmsy/m/n on input line 12.
LaTeX Font Info:    ... okay on input line 12.
LaTeX Font Info:    Checking defaults for OMX/cmex/m/n on input line 12.
LaTeX Font Info:    ... okay on input line 12.
LaTeX Font Info:    Checking defaults for U/cmr/m/n on input line 12.
LaTeX Font Info:    ... okay on input line 12.

(c:/texlive/2015/texmf-dist/tex/context/base/supp-pdf.mkii
[Loading MPS to PDF converter (version 2006.09.02).]
\scratchcounter=\count120
\scratchdimen=\dimen162
\scratchbox=\box57
\nofMPsegments=\count121
\nofMParguments=\count122
\everyMPshowfont=\toks33
\MPscratchCnt=\count123
\MPscratchDim=\dimen163
\MPnumerator=\count124
\makeMPintoPDFobject=\count125
\everyMPtoPDFconversion=\toks34
) (c:/texlive/2015/texmf-dist/tex/generic/oberdiek/pdftexcmds.sty
Package: pdftexcmds 2011/11/29 v0.20 Utility functions of pdfTeX for LuaTeX (HO
)

(c:/texlive/2015/texmf-dist/tex/generic/oberdiek/ifluatex.sty
Package: ifluatex 2010/03/01 v1.3 Provides the ifluatex switch (HO)
Package ifluatex Info: LuaTeX not detected.
)
Package pdftexcmds Info: LuaTeX not detected.
Package pdftexcmds Info: \pdf@primitive is available.
Package pdftexcmds Info: \pdf@ifprimitive is available.
Package pdftexcmds Info: \pdfdraftmode found.
)
(c:/texlive/2015/texmf-dist/tex/latex/oberdiek/epstopdf-base.sty
Package: epstopdf-base 2010/02/09 v2.5 Base part for package epstopdf

(c:/texlive/2015/texmf-dist/tex/latex/oberdiek/grfext.sty
Package: grfext 2010/08/19 v1.1 Manage graphics extensions (HO)

(c:/texlive/2015/texmf-dist/tex/generic/oberdiek/kvdefinekeys.sty
Package: kvdefinekeys 2011/04/07 v1.3 Define keys (HO)
))
(c:/texlive/2015/texmf-dist/tex/latex/oberdiek/kvoptions.sty
Package: kvoptions 2011/06/30 v3.11 Key value format for package options (HO)

(c:/texlive/2015/texmf-dist/tex/generic/oberdiek/kvsetkeys.sty
Package: kvsetkeys 2012/04/25 v1.16 Key value parser (HO)

(c:/texlive/2015/texmf-dist/tex/generic/oberdiek/etexcmds.sty
Package: etexcmds 2011/02/16 v1.5 Avoid name clashes with e-TeX commands (HO)
Package etexcmds Info: Could not find \expanded.
(etexcmds)             That can mean that you are not using pdfTeX 1.50 or
(etexcmds)             that some package has redefined \expanded.
(etexcmds)             In the latter case, load this package earlier.
)))
Package grfext Info: Graphics extension search list:
(grfext)             [.png,.pdf,.jpg,.mps,.jpeg,.jbig2,.jb2,.PNG,.PDF,.JPG,.JPE
G,.JBIG2,.JB2,.eps]
(grfext)             \AppendGraphicsExtensions on input line 452.

(c:/texlive/2015/texmf-dist/tex/latex/latexconfig/epstopdf-sys.cfg
File: epstopdf-sys.cfg 2010/07/13 v1.3 Configuration of (r)epstopdf for TeX Liv
e
))
*geometry* driver: auto-detecting
*geometry* detected driver: pdftex
*geometry* verbose mode - [ preamble ] result:
* driver: pdftex
* paper: <default>
* layout: <same size as paper>
* layoutoffset:(h,v)=(0.0pt,0.0pt)
* modes: 
* h-part:(L,W,R)=(72.26999pt, 469.75502pt, 72.26999pt)
* v-part:(T,H,B)=(72.26999pt, 650.43001pt, 72.26999pt)
* \paperwidth=614.295pt
* \paperheight=794.96999pt
* \textwidth=469.75502pt
* \textheight=650.43001pt
* \oddsidemargin=0.0pt
* \evensidemargin=0.0pt
* \topmargin=-37.0pt
* \headheight=12.0pt
* \headsep=25.0pt
* \topskip=12.0pt
* \footskip=30.0pt
* \marginparwidth=44.0pt
* \marginparsep=10.0pt
* \columnsep=10.0pt
* \skip\footins=10.8pt plus 4.0pt minus 2.0pt
* \hoffset=0.0pt
* \voffset=0.0pt
* \mag=1000
* \@twocolumnfalse
* \@twosidefalse
* \@mparswitchfalse
* \@reversemarginfalse
* (1in=72.27pt=25.4mm, 1cm=28.453pt)

Package caption Info: Begin \AtBeginDocument code.
Package caption Info: wrapfig package is loaded.
Package caption Info: End \AtBeginDocument code.
LaTeX Font Info:    Try loading font information for U+msa on input line 17.
(c:/texlive/2015/texmf-dist/tex/latex/amsfonts/umsa.fd
File: umsa.fd 2013/01/14 v3.01 AMS symbols A
)
LaTeX Font Info:    Try loading font information for U+msb on input line 17.

(c:/texlive/2015/texmf-dist/tex/latex/amsfonts/umsb.fd
File: umsb.fd 2013/01/14 v3.01 AMS symbols B
)
Underfull \hbox (badness 10000) in paragraph at lines 29--30

 []

<image1.png, id=1, 273.02pt x 176.66pt>
File: image1.png Graphic file (type png)
 <use image1.png>
Package pdftex.def Info: image1.png used on input line 38.
(pdftex.def)             Requested size: 136.50966pt x 88.32977pt.
 [1

{c:/texlive/2015/texmf-var/fonts/map/pdftex/updmap/pdftex.map}]
<highpass.png, id=10, 171.64125pt x 98.16675pt>
File: highpass.png Graphic file (type png)
 <use highpass.png>
Package pdftex.def Info: highpass.png used on input line 46.
(pdftex.def)             Requested size: 85.8204pt x 49.08325pt.

<spectrometer.png, id=12, 468.24937pt x 191.21437pt>
File: spectrometer.png Graphic file (type png)
 <use spectrometer.png>
Package pdftex.def Info: spectrometer.png used on input line 54.
(pdftex.def)             Requested size: 234.1241pt x 95.60695pt.

[2 <./image1.png> <./highpass.png> <./spectrometer.png>] (./final_project.aux) 
) 
Here is how much of TeX's memory you used:
 4379 strings out of 493831
 63349 string characters out of 6154234
 134776 words of memory out of 5000000
 7736 multiletter control sequences out of 15000+600000
 7742 words of font info for 30 fonts, out of 8000000 for 9000
 667 hyphenation exceptions out of 8191
 38i,6n,38p,350b,311s stack positions out of 5000i,500n,10000p,200000b,80000s
<c:/texlive/2015/texmf-dist/fonts/type1/public/amsfonts/cm/cmbx12.pfb><c:/texl
ive/2015/texmf-dist/fonts/type1/public/amsfonts/cm/cmr10.pfb><c:/texlive/2015/t
exmf-dist/fonts/type1/public/amsfonts/cm/cmr12.pfb><c:/texlive/2015/texmf-dist/
fonts/type1/public/amsfonts/cm/cmr17.pfb>
Output written on final_project.pdf (2 pages, 106626 bytes).
PDF statistics:
 32 PDF objects out of 1000 (max. 8388607)
 19 compressed objects within 1 object stream
 0 named destinations out of 1000 (max. 500000)
 16 words of extra memory for PDF output out of 10000 (max. 10000000)

